<?xml version="1.0" encoding="UTF-8"?>
<!-- Generated by org.testng.reporters.JUnitXMLReporter -->
<testsuite ignored="0" hostname="Erdems-MacBook-Pro.local" failures="0" tests="5" name="Default test" time="0.026" errors="0" timestamp="14 Jun 2019 17:59:37 GMT">
  <testcase classname="test1.day3" name="MobilesignoutcarLoan" time="0.003"/>
  <testcase classname="test1.day3" name="WebloginCarLoan" time="0.0"/>
  <testcase classname="test1.day3" name="MobileLogincarLoan" time="0.001"/>
  <testcase classname="test1.day3" name="MobilesignimcarLoan" time="0.001"/>
  <testcase classname="test1.day3" name="APIcarLoan" time="0.0"/>
</testsuite> <!-- Default test -->
