<?xml version="1.0" encoding="UTF-8"?>
<!-- Generated by org.testng.reporters.JUnitXMLReporter -->
<testsuite ignored="0" hostname="Erdems-MacBook-Pro.local" failures="0" tests="4" name="Test Module" time="0.027" errors="0" timestamp="13 Jun 2019 16:41:09 GMT">
  <testcase classname="test1._1_xml1" name="testDemo1" time="0.006"/>
  <testcase classname="test1._1_xml1" name="testDemo2" time="0.001"/>
  <testcase classname="test1._1_xml2" name="testDemo1" time="0.001"/>
  <testcase classname="test1._1_xml2" name="testDemo2" time="0.001"/>
</testsuite> <!-- Test Module -->
