<?xml version="1.0" encoding="UTF-8"?>
<!-- Generated by org.testng.reporters.JUnitXMLReporter -->
<testsuite ignored="1" hostname="Erdems-MacBook-Pro.local" failures="0" tests="3" name="Home Loan" time="0.024" errors="0" timestamp="13 Jun 2019 18:00:05 GMT">
  <testcase classname="test1._1_homeLoan1" name="testDemo2" time="0.006"/>
  <testcase classname="test1._1_homeLoan2" name="testDemo1" time="0.001"/>
  <testcase classname="test1._1_homeLoan2" name="testDemo2" time="0.001"/>
  <testcase classname="test1._1_homeLoan1" name="testDemo1" time="0.0">
    <ignored/>
  </testcase> <!-- testDemo1 -->
</testsuite> <!-- Home Loan -->
